<?xml version="1.0" encoding="UTF-8"?>
<!-- Generated by org.testng.reporters.JUnitXMLReporter -->
<testsuite ignored="0" hostname="IN-B48C0F3" failures="0" tests="22" name="Surefire test" time="201.79" errors="0" timestamp="2024-06-15T18:36:19 IST">
  <testcase classname="tests.BannerTest" name="bannerTest" time="10.797"/>
  <testcase classname="tests.BookFlightTest" name="bookFlightTest" time="18.127"/>
  <testcase classname="tests.CartTest" name="cartTest" time="7.119"/>
  <testcase classname="tests.CompareTest" name="compareTest" time="9.727"/>
  <testcase classname="tests.CustomerCareTest" name="customerCareTest" time="5.879"/>
  <testcase classname="tests.DownloadTest" name="downloadTest" time="13.549"/>
  <testcase classname="tests.ExchangeTest" name="exchangeTest" time="10.021"/>
  <testcase classname="tests.FilterTest" name="bannerTest" time="6.878"/>
  <testcase classname="tests.FilterTest" name="filterTest" time="4.796"/>
  <testcase classname="tests.GiftcardTest" name="giftcardTest" time="6.083"/>
  <testcase classname="tests.GroceryTest" name="groceryTest" time="4.265"/>
  <testcase classname="tests.GroupCompanyTest" name="groupCompanyTest" time="6.534"/>
  <testcase classname="tests.LoginTest" name="loginTest" time="4.274"/>
  <testcase classname="tests.NavigationTest" name="navigationTest" time="7.371"/>
  <testcase classname="tests.PincodeTest" name="pincodeTest" time="3.694"/>
  <testcase classname="tests.RatingTest" name="ratingTest" time="8.464"/>
  <testcase classname="tests.SearchTest" name="searchTest" time="5.551"/>
  <testcase classname="tests.SellerTest" name="sellerTest" time="7.619"/>
  <testcase classname="tests.ShareTest" name="shareTest" time="3.705"/>
  <testcase classname="tests.SignUpTest" name="signUpTest" time="5.67"/>
  <testcase classname="tests.WishlistTest" name="bannerTest" time="6.763"/>
  <testcase classname="tests.WishlistTest" name="wishlistTest" time="3.594"/>
</testsuite> <!-- Surefire test -->
