<?xml version="1.0" encoding="UTF-8"?>
<!-- Generated by org.testng.reporters.JUnitXMLReporter -->
<testsuite ignored="0" hostname="IN-B48C0F3" failures="0" tests="22" name="Test" time="581.203" errors="0" timestamp="2024-06-20T11:25:39 IST">
  <testcase classname="tests.SearchTest" name="searchTest" time="12.683"/>
  <testcase classname="tests.GiftcardTest" name="giftcardTest" time="20.222"/>
  <testcase classname="tests.GroceryTest" name="groceryTest" time="19.768"/>
  <testcase classname="tests.BannerTest" name="bannerTest" time="14.586"/>
  <testcase classname="tests.DownloadTest" name="downloadTest" time="35.456"/>
  <testcase classname="tests.SignUpTest" name="signUpTest" time="18.727"/>
  <testcase classname="tests.LoginTest" name="loginTest" time="10.031"/>
  <testcase classname="tests.CartTest" name="cartTest" time="26.809"/>
  <testcase classname="tests.RatingTest" name="ratingTest" time="10.928"/>
  <testcase classname="tests.CompareTest" name="compareTest" time="25.545"/>
  <testcase classname="tests.SellerTest" name="sellerTest" time="25.048"/>
  <testcase classname="tests.CustomerCareTest" name="customerCareTest" time="21.3"/>
  <testcase classname="tests.GroupCompanyTest" name="groupCompanyTest" time="10.935"/>
  <testcase classname="tests.NavigationTest" name="navigationTest" time="20.06"/>
  <testcase classname="tests.PincodeTest" name="pincodeTest" time="14.319"/>
  <testcase classname="tests.ShareTest" name="shareTest" time="12.127"/>
  <testcase classname="tests.ExchangeTest" name="exchangeTest" time="15.316"/>
  <testcase classname="tests.BookFlightTest" name="bookFlightTest" time="35.228"/>
  <testcase classname="tests.WishlistTest" name="bannerTest" time="25.073"/>
  <testcase classname="tests.WishlistTest" name="wishlistTest" time="5.756"/>
  <testcase classname="tests.FilterTest" name="bannerTest" time="20.26"/>
  <testcase classname="tests.FilterTest" name="filterTest" time="5.559"/>
</testsuite> <!-- Test -->
