<?xml version="1.0" encoding="UTF-8"?>
<testng-results ignored="0" total="22" passed="22" failed="0" skipped="0">
  <reporter-output>
  </reporter-output>
  <suite started-at="2024-06-15T18:32:57 IST" name="Surefire suite" finished-at="2024-06-15T18:36:19 IST" duration-ms="201790">
    <groups>
      <group name="filter">
        <method signature="FilterTest.filterTest(java.lang.String,java.lang.String)[pri:2, instance:tests.FilterTest@2dbf4cbd]" name="filterTest" class="tests.FilterTest"/>
      </group> <!-- filter -->
      <group name="functional">
        <method signature="LoginTest.loginTest(java.lang.String,java.lang.String)[pri:1, instance:tests.LoginTest@2692b61e]" name="loginTest" class="tests.LoginTest"/>
        <method signature="PincodeTest.pincodeTest(java.lang.String,java.lang.String,java.lang.String)[pri:1, instance:tests.PincodeTest@62fad19]" name="pincodeTest" class="tests.PincodeTest"/>
        <method signature="SearchTest.searchTest(java.lang.String,java.lang.String,java.lang.String)[pri:1, instance:tests.SearchTest@55e8ec2f]" name="searchTest" class="tests.SearchTest"/>
        <method signature="SellerTest.sellerTest(java.lang.String,java.lang.String)[pri:1, instance:tests.SellerTest@4f2613d1]" name="sellerTest" class="tests.SellerTest"/>
        <method signature="SignUpTest.signUpTest(java.lang.String,java.lang.String,java.lang.String)[pri:1, instance:tests.SignUpTest@65a4798f]" name="signUpTest" class="tests.SignUpTest"/>
      </group> <!-- functional -->
      <group name="wishlist">
        <method signature="WishlistTest.wishlistTest(java.lang.String,java.lang.String)[pri:2, instance:tests.WishlistTest@773f7880]" name="wishlistTest" class="tests.WishlistTest"/>
      </group> <!-- wishlist -->
      <group name="regression">
        <method signature="GiftcardTest.giftcardTest(java.lang.String,java.lang.String,java.lang.String,java.lang.String)[pri:1, instance:tests.GiftcardTest@20b5f2ac]" name="giftcardTest" class="tests.GiftcardTest"/>
        <method signature="GroceryTest.groceryTest(java.lang.String,java.lang.String,java.lang.String)[pri:1, instance:tests.GroceryTest@7fc44dec]" name="groceryTest" class="tests.GroceryTest"/>
        <method signature="GroupCompanyTest.groupCompanyTest(java.lang.String,java.lang.String)[pri:1, instance:tests.GroupCompanyTest@7e3060d8]" name="groupCompanyTest" class="tests.GroupCompanyTest"/>
        <method signature="ExchangeTest.exchangeTest(java.lang.String,java.lang.String,java.lang.String)[pri:1, instance:tests.ExchangeTest@51e8e6e6]" name="exchangeTest" class="tests.ExchangeTest"/>
      </group> <!-- regression -->
      <group name="smoke">
        <method signature="BannerTest.bannerTest(java.lang.String,java.lang.String)[pri:1, instance:tests.BannerTest@38be305c]" name="bannerTest" class="tests.BannerTest"/>
        <method signature="BookFlightTest.bookFlightTest(java.lang.String,java.lang.String)[pri:1, instance:tests.BookFlightTest@458342d3]" name="bookFlightTest" class="tests.BookFlightTest"/>
        <method signature="CartTest.cartTest(java.lang.String,java.lang.String,java.lang.String)[pri:1, instance:tests.CartTest@15c25153]" name="cartTest" class="tests.CartTest"/>
        <method signature="CompareTest.compareTest(java.lang.String,java.lang.String,java.lang.String)[pri:1, instance:tests.CompareTest@1252b961]" name="compareTest" class="tests.CompareTest"/>
        <method signature="CustomerCareTest.customerCareTest(java.lang.String,java.lang.String)[pri:1, instance:tests.CustomerCareTest@9ed238c]" name="customerCareTest" class="tests.CustomerCareTest"/>
      </group> <!-- smoke -->
      <group name="sanity">
        <method signature="NavigationTest.navigationTest(java.lang.String,java.lang.String)[pri:1, instance:tests.NavigationTest@7b64240d]" name="navigationTest" class="tests.NavigationTest"/>
        <method signature="RatingTest.ratingTest(java.lang.String,java.lang.String)[pri:1, instance:tests.RatingTest@2e54db99]" name="ratingTest" class="tests.RatingTest"/>
        <method signature="ShareTest.shareTest(java.lang.String,java.lang.String)[pri:1, instance:tests.ShareTest@6d24ffa1]" name="shareTest" class="tests.ShareTest"/>
        <method signature="DownloadTest.downloadTest(java.lang.String,java.lang.String)[pri:1, instance:tests.DownloadTest@56276db8]" name="downloadTest" class="tests.DownloadTest"/>
      </group> <!-- sanity -->
      <group name="banner">
        <method signature="FilterTest.bannerTest(java.lang.String,java.lang.String)[pri:1, instance:tests.FilterTest@2dbf4cbd]" name="bannerTest" class="tests.FilterTest"/>
        <method signature="WishlistTest.bannerTest(java.lang.String,java.lang.String)[pri:1, instance:tests.WishlistTest@773f7880]" name="bannerTest" class="tests.WishlistTest"/>
      </group> <!-- banner -->
    </groups>
    <test started-at="2024-06-15T18:32:57 IST" name="Surefire test" finished-at="2024-06-15T18:36:19 IST" duration-ms="201790">
      <class name="tests.LoginTest">
        <test-method is-config="true" signature="setUp()[pri:0, instance:tests.LoginTest@2692b61e]" started-at="2024-06-15T18:35:08 IST" name="setUp" finished-at="2024-06-15T18:35:09 IST" duration-ms="1176" status="PASS">
          <reporter-output>
          </reporter-output>
        </test-method> <!-- setUp -->
        <test-method signature="loginTest(java.lang.String,java.lang.String)[pri:1, instance:tests.LoginTest@2692b61e]" started-at="2024-06-15T18:35:09 IST" name="loginTest" data-provider="loginTestData" finished-at="2024-06-15T18:35:13 IST" duration-ms="4274" status="PASS">
          <params>
            <param index="0">
              <value>
                <![CDATA[9876345898]]>
              </value>
            </param>
            <param index="1">
              <value>
                <![CDATA[Yes]]>
              </value>
            </param>
          </params>
          <reporter-output>
          </reporter-output>
        </test-method> <!-- loginTest -->
        <test-method is-config="true" signature="afterMethod(org.testng.ITestResult)[pri:0, instance:tests.LoginTest@2692b61e]" started-at="2024-06-15T18:35:13 IST" name="afterMethod" finished-at="2024-06-15T18:35:13 IST" duration-ms="1" status="PASS">
          <params>
            <param index="0">
              <value>
                <![CDATA[[TestResult name=loginTest status=SUCCESS method=LoginTest.loginTest(java.lang.String,java.lang.String)[pri:1, instance:tests.LoginTest@2692b61e] output={null}]]]>
              </value>
            </param>
          </params>
          <reporter-output>
          </reporter-output>
        </test-method> <!-- afterMethod -->
        <test-method is-config="true" signature="tearDown(org.testng.ITestResult)[pri:0, instance:tests.LoginTest@2692b61e]" started-at="2024-06-15T18:35:13 IST" name="tearDown" finished-at="2024-06-15T18:35:13 IST" duration-ms="1" status="PASS">
          <params>
            <param index="0">
              <value>
                <![CDATA[[TestResult name=loginTest status=SUCCESS method=LoginTest.loginTest(java.lang.String,java.lang.String)[pri:1, instance:tests.LoginTest@2692b61e] output={null}]]]>
              </value>
            </param>
          </params>
          <reporter-output>
          </reporter-output>
        </test-method> <!-- tearDown -->
        <test-method is-config="true" signature="tearDown()[pri:0, instance:tests.LoginTest@2692b61e]" started-at="2024-06-15T18:35:13 IST" name="tearDown" finished-at="2024-06-15T18:35:13 IST" duration-ms="315" status="PASS">
          <reporter-output>
          </reporter-output>
        </test-method> <!-- tearDown -->
      </class> <!-- tests.LoginTest -->
      <class name="tests.SignUpTest">
        <test-method is-config="true" signature="setUp()[pri:0, instance:tests.SignUpTest@65a4798f]" started-at="2024-06-15T18:35:59 IST" name="setUp" finished-at="2024-06-15T18:36:00 IST" duration-ms="1199" status="PASS">
          <reporter-output>
          </reporter-output>
        </test-method> <!-- setUp -->
        <test-method signature="signUpTest(java.lang.String,java.lang.String,java.lang.String)[pri:1, instance:tests.SignUpTest@65a4798f]" started-at="2024-06-15T18:36:01 IST" name="signUpTest" data-provider="signUpTestData" finished-at="2024-06-15T18:36:06 IST" duration-ms="5670" status="PASS">
          <params>
            <param index="0">
              <value>
                <![CDATA[https://www.flipkart.com/]]>
              </value>
            </param>
            <param index="1">
              <value>
                <![CDATA[Yes]]>
              </value>
            </param>
            <param index="2">
              <value>
                <![CDATA[9234671238]]>
              </value>
            </param>
          </params>
          <reporter-output>
          </reporter-output>
        </test-method> <!-- signUpTest -->
        <test-method is-config="true" signature="afterMethod(org.testng.ITestResult)[pri:0, instance:tests.SignUpTest@65a4798f]" started-at="2024-06-15T18:36:06 IST" name="afterMethod" finished-at="2024-06-15T18:36:06 IST" duration-ms="0" status="PASS">
          <params>
            <param index="0">
              <value>
                <![CDATA[[TestResult name=signUpTest status=SUCCESS method=SignUpTest.signUpTest(java.lang.String,java.lang.String,java.lang.String)[pri:1, instance:tests.SignUpTest@65a4798f] output={null}]]]>
              </value>
            </param>
          </params>
          <reporter-output>
          </reporter-output>
        </test-method> <!-- afterMethod -->
        <test-method is-config="true" signature="tearDown(org.testng.ITestResult)[pri:0, instance:tests.SignUpTest@65a4798f]" started-at="2024-06-15T18:36:06 IST" name="tearDown" finished-at="2024-06-15T18:36:06 IST" duration-ms="0" status="PASS">
          <params>
            <param index="0">
              <value>
                <![CDATA[[TestResult name=signUpTest status=SUCCESS method=SignUpTest.signUpTest(java.lang.String,java.lang.String,java.lang.String)[pri:1, instance:tests.SignUpTest@65a4798f] output={null}]]]>
              </value>
            </param>
          </params>
          <reporter-output>
          </reporter-output>
        </test-method> <!-- tearDown -->
        <test-method is-config="true" signature="tearDown()[pri:0, instance:tests.SignUpTest@65a4798f]" started-at="2024-06-15T18:36:06 IST" name="tearDown" finished-at="2024-06-15T18:36:07 IST" duration-ms="307" status="PASS">
          <reporter-output>
          </reporter-output>
        </test-method> <!-- tearDown -->
      </class> <!-- tests.SignUpTest -->
      <class name="tests.ExchangeTest">
        <test-method is-config="true" signature="setUp()[pri:0, instance:tests.ExchangeTest@51e8e6e6]" started-at="2024-06-15T18:34:21 IST" name="setUp" finished-at="2024-06-15T18:34:23 IST" duration-ms="1262" status="PASS">
          <reporter-output>
          </reporter-output>
        </test-method> <!-- setUp -->
        <test-method signature="exchangeTest(java.lang.String,java.lang.String,java.lang.String)[pri:1, instance:tests.ExchangeTest@51e8e6e6]" started-at="2024-06-15T18:34:23 IST" name="exchangeTest" data-provider="exchangeTestData" finished-at="2024-06-15T18:34:33 IST" duration-ms="10021" status="PASS">
          <params>
            <param index="0">
              <value>
                <![CDATA[https://www.flipkart.com/redmi-12-5g-jade-black-128-gb/p/itmb7b9567637d5c?pid=MOBGS9QU7QVWUWRD&lid=LSTMOBGS9QU7QVWUWRDWPHNEP&marketplace=FLIPKART&q=redmi+&store=tyy%2F4io&srno=s_1_1&otracker=search&otracker1=search&fm=search-autosuggest&iid=43966f1d-dc6f-4f22-a093-56bcae55d89b.MOBGS9QU7QVWUWRD.SEARCH&ppt=sp&ppn=sp&ssid=wiam0z4ofk0000001718382646050&qH=0452d1bd19251471]]>
              </value>
            </param>
            <param index="1">
              <value>
                <![CDATA[Yes]]>
              </value>
            </param>
            <param index="2">
              <value>
                <![CDATA[110001]]>
              </value>
            </param>
          </params>
          <reporter-output>
          </reporter-output>
        </test-method> <!-- exchangeTest -->
        <test-method is-config="true" signature="afterMethod(org.testng.ITestResult)[pri:0, instance:tests.ExchangeTest@51e8e6e6]" started-at="2024-06-15T18:34:33 IST" name="afterMethod" finished-at="2024-06-15T18:34:33 IST" duration-ms="0" status="PASS">
          <params>
            <param index="0">
              <value>
                <![CDATA[[TestResult name=exchangeTest status=SUCCESS method=ExchangeTest.exchangeTest(java.lang.String,java.lang.String,java.lang.String)[pri:1, instance:tests.ExchangeTest@51e8e6e6] output={null}]]]>
              </value>
            </param>
          </params>
          <reporter-output>
          </reporter-output>
        </test-method> <!-- afterMethod -->
        <test-method is-config="true" signature="tearDown()[pri:0, instance:tests.ExchangeTest@51e8e6e6]" started-at="2024-06-15T18:34:33 IST" name="tearDown" finished-at="2024-06-15T18:34:33 IST" duration-ms="247" status="PASS">
          <reporter-output>
          </reporter-output>
        </test-method> <!-- tearDown -->
        <test-method is-config="true" signature="tearDown(org.testng.ITestResult)[pri:0, instance:tests.ExchangeTest@51e8e6e6]" started-at="2024-06-15T18:34:33 IST" name="tearDown" finished-at="2024-06-15T18:34:33 IST" duration-ms="0" status="PASS">
          <params>
            <param index="0">
              <value>
                <![CDATA[[TestResult name=exchangeTest status=SUCCESS method=ExchangeTest.exchangeTest(java.lang.String,java.lang.String,java.lang.String)[pri:1, instance:tests.ExchangeTest@51e8e6e6] output={null}]]]>
              </value>
            </param>
          </params>
          <reporter-output>
          </reporter-output>
        </test-method> <!-- tearDown -->
      </class> <!-- tests.ExchangeTest -->
      <class name="tests.DownloadTest">
        <test-method is-config="true" signature="setUp()[pri:0, instance:tests.DownloadTest@56276db8]" started-at="2024-06-15T18:34:06 IST" name="setUp" finished-at="2024-06-15T18:34:07 IST" duration-ms="1276" status="PASS">
          <reporter-output>
          </reporter-output>
        </test-method> <!-- setUp -->
        <test-method signature="downloadTest(java.lang.String,java.lang.String)[pri:1, instance:tests.DownloadTest@56276db8]" started-at="2024-06-15T18:34:07 IST" name="downloadTest" data-provider="downloadTestData" finished-at="2024-06-15T18:34:21 IST" duration-ms="13549" status="PASS">
          <params>
            <param index="0">
              <value>
                <![CDATA[https://www.flipkart.com]]>
              </value>
            </param>
            <param index="1">
              <value>
                <![CDATA[Yes]]>
              </value>
            </param>
          </params>
          <reporter-output>
          </reporter-output>
        </test-method> <!-- downloadTest -->
        <test-method is-config="true" signature="tearDown()[pri:0, instance:tests.DownloadTest@56276db8]" started-at="2024-06-15T18:34:21 IST" name="tearDown" finished-at="2024-06-15T18:34:21 IST" duration-ms="462" status="PASS">
          <reporter-output>
          </reporter-output>
        </test-method> <!-- tearDown -->
        <test-method is-config="true" signature="tearDown(org.testng.ITestResult)[pri:0, instance:tests.DownloadTest@56276db8]" started-at="2024-06-15T18:34:21 IST" name="tearDown" finished-at="2024-06-15T18:34:21 IST" duration-ms="0" status="PASS">
          <params>
            <param index="0">
              <value>
                <![CDATA[[TestResult name=downloadTest status=SUCCESS method=DownloadTest.downloadTest(java.lang.String,java.lang.String)[pri:1, instance:tests.DownloadTest@56276db8] output={null}]]]>
              </value>
            </param>
          </params>
          <reporter-output>
          </reporter-output>
        </test-method> <!-- tearDown -->
        <test-method is-config="true" signature="afterMethod(org.testng.ITestResult)[pri:0, instance:tests.DownloadTest@56276db8]" started-at="2024-06-15T18:34:21 IST" name="afterMethod" finished-at="2024-06-15T18:34:21 IST" duration-ms="0" status="PASS">
          <params>
            <param index="0">
              <value>
                <![CDATA[[TestResult name=downloadTest status=SUCCESS method=DownloadTest.downloadTest(java.lang.String,java.lang.String)[pri:1, instance:tests.DownloadTest@56276db8] output={null}]]]>
              </value>
            </param>
          </params>
          <reporter-output>
          </reporter-output>
        </test-method> <!-- afterMethod -->
      </class> <!-- tests.DownloadTest -->
      <class name="tests.GiftcardTest">
        <test-method is-config="true" signature="setUp()[pri:0, instance:tests.GiftcardTest@20b5f2ac]" started-at="2024-06-15T18:34:46 IST" name="setUp" finished-at="2024-06-15T18:34:47 IST" duration-ms="1042" status="PASS">
          <reporter-output>
          </reporter-output>
        </test-method> <!-- setUp -->
        <test-method signature="giftcardTest(java.lang.String,java.lang.String,java.lang.String,java.lang.String)[pri:1, instance:tests.GiftcardTest@20b5f2ac]" started-at="2024-06-15T18:34:47 IST" name="giftcardTest" data-provider="giftcardTestData" finished-at="2024-06-15T18:34:53 IST" duration-ms="6083" status="PASS">
          <params>
            <param index="0">
              <value>
                <![CDATA[https://www.flipkart.com/the-gift-card-store?link=home_giftcard]]>
              </value>
            </param>
            <param index="1">
              <value>
                <![CDATA[Yes]]>
              </value>
            </param>
            <param index="2">
              <value>
                <![CDATA[mansigupta876@gmail.com]]>
              </value>
            </param>
            <param index="3">
              <value>
                <![CDATA[Mansi Gupta]]>
              </value>
            </param>
          </params>
          <reporter-output>
          </reporter-output>
        </test-method> <!-- giftcardTest -->
        <test-method is-config="true" signature="afterMethod(org.testng.ITestResult)[pri:0, instance:tests.GiftcardTest@20b5f2ac]" started-at="2024-06-15T18:34:53 IST" name="afterMethod" finished-at="2024-06-15T18:34:53 IST" duration-ms="1" status="PASS">
          <params>
            <param index="0">
              <value>
                <![CDATA[[TestResult name=giftcardTest status=SUCCESS method=GiftcardTest.giftcardTest(java.lang.String,java.lang.String,java.lang.String,java.lang.String)[pri:1, instance:tests.GiftcardTest@20b5f2ac] output={null}]]]>
              </value>
            </param>
          </params>
          <reporter-output>
          </reporter-output>
        </test-method> <!-- afterMethod -->
        <test-method is-config="true" signature="tearDown()[pri:0, instance:tests.GiftcardTest@20b5f2ac]" started-at="2024-06-15T18:34:53 IST" name="tearDown" finished-at="2024-06-15T18:34:54 IST" duration-ms="228" status="PASS">
          <reporter-output>
          </reporter-output>
        </test-method> <!-- tearDown -->
        <test-method is-config="true" signature="tearDown(org.testng.ITestResult)[pri:0, instance:tests.GiftcardTest@20b5f2ac]" started-at="2024-06-15T18:34:53 IST" name="tearDown" finished-at="2024-06-15T18:34:53 IST" duration-ms="0" status="PASS">
          <params>
            <param index="0">
              <value>
                <![CDATA[[TestResult name=giftcardTest status=SUCCESS method=GiftcardTest.giftcardTest(java.lang.String,java.lang.String,java.lang.String,java.lang.String)[pri:1, instance:tests.GiftcardTest@20b5f2ac] output={null}]]]>
              </value>
            </param>
          </params>
          <reporter-output>
          </reporter-output>
        </test-method> <!-- tearDown -->
      </class> <!-- tests.GiftcardTest -->
      <class name="tests.BookFlightTest">
        <test-method is-config="true" signature="setUp()[pri:0, instance:tests.BookFlightTest@458342d3]" started-at="2024-06-15T18:33:17 IST" name="setUp" finished-at="2024-06-15T18:33:19 IST" duration-ms="1863" status="PASS">
          <reporter-output>
          </reporter-output>
        </test-method> <!-- setUp -->
        <test-method signature="bookFlightTest(java.lang.String,java.lang.String)[pri:1, instance:tests.BookFlightTest@458342d3]" started-at="2024-06-15T18:33:20 IST" name="bookFlightTest" data-provider="bookFlightTestData" finished-at="2024-06-15T18:33:38 IST" duration-ms="18127" status="PASS">
          <params>
            <param index="0">
              <value>
                <![CDATA[https://www.flipkart.com]]>
              </value>
            </param>
            <param index="1">
              <value>
                <![CDATA[Yes]]>
              </value>
            </param>
          </params>
          <reporter-output>
          </reporter-output>
        </test-method> <!-- bookFlightTest -->
        <test-method is-config="true" signature="tearDown(org.testng.ITestResult)[pri:0, instance:tests.BookFlightTest@458342d3]" started-at="2024-06-15T18:33:38 IST" name="tearDown" finished-at="2024-06-15T18:33:38 IST" duration-ms="0" status="PASS">
          <params>
            <param index="0">
              <value>
                <![CDATA[[TestResult name=bookFlightTest status=SUCCESS method=BookFlightTest.bookFlightTest(java.lang.String,java.lang.String)[pri:1, instance:tests.BookFlightTest@458342d3] output={null}]]]>
              </value>
            </param>
          </params>
          <reporter-output>
          </reporter-output>
        </test-method> <!-- tearDown -->
        <test-method is-config="true" signature="afterMethod(org.testng.ITestResult)[pri:0, instance:tests.BookFlightTest@458342d3]" started-at="2024-06-15T18:33:38 IST" name="afterMethod" finished-at="2024-06-15T18:33:38 IST" duration-ms="0" status="PASS">
          <params>
            <param index="0">
              <value>
                <![CDATA[[TestResult name=bookFlightTest status=SUCCESS method=BookFlightTest.bookFlightTest(java.lang.String,java.lang.String)[pri:1, instance:tests.BookFlightTest@458342d3] output={null}]]]>
              </value>
            </param>
          </params>
          <reporter-output>
          </reporter-output>
        </test-method> <!-- afterMethod -->
        <test-method is-config="true" signature="tearDown()[pri:0, instance:tests.BookFlightTest@458342d3]" started-at="2024-06-15T18:33:38 IST" name="tearDown" finished-at="2024-06-15T18:33:38 IST" duration-ms="501" status="PASS">
          <reporter-output>
          </reporter-output>
        </test-method> <!-- tearDown -->
      </class> <!-- tests.BookFlightTest -->
      <class name="tests.BannerTest">
        <test-method is-config="true" signature="setUp()[pri:0, instance:tests.BannerTest@38be305c]" started-at="2024-06-15T18:32:57 IST" name="setUp" finished-at="2024-06-15T18:33:02 IST" duration-ms="5019" status="PASS">
          <reporter-output>
          </reporter-output>
        </test-method> <!-- setUp -->
        <test-method signature="bannerTest(java.lang.String,java.lang.String)[pri:1, instance:tests.BannerTest@38be305c]" started-at="2024-06-15T18:33:04 IST" name="bannerTest" data-provider="bannerTestData" finished-at="2024-06-15T18:33:14 IST" duration-ms="10797" status="PASS">
          <params>
            <param index="0">
              <value>
                <![CDATA[https://www.flipkart.com]]>
              </value>
            </param>
            <param index="1">
              <value>
                <![CDATA[Yes]]>
              </value>
            </param>
          </params>
          <reporter-output>
          </reporter-output>
        </test-method> <!-- bannerTest -->
        <test-method is-config="true" signature="afterMethod(org.testng.ITestResult)[pri:0, instance:tests.BannerTest@38be305c]" started-at="2024-06-15T18:33:14 IST" name="afterMethod" finished-at="2024-06-15T18:33:14 IST" duration-ms="2" status="PASS">
          <params>
            <param index="0">
              <value>
                <![CDATA[[TestResult name=bannerTest status=SUCCESS method=BannerTest.bannerTest(java.lang.String,java.lang.String)[pri:1, instance:tests.BannerTest@38be305c] output={null}]]]>
              </value>
            </param>
          </params>
          <reporter-output>
          </reporter-output>
        </test-method> <!-- afterMethod -->
        <test-method is-config="true" signature="tearDown(org.testng.ITestResult)[pri:0, instance:tests.BannerTest@38be305c]" started-at="2024-06-15T18:33:14 IST" name="tearDown" finished-at="2024-06-15T18:33:14 IST" duration-ms="0" status="PASS">
          <params>
            <param index="0">
              <value>
                <![CDATA[[TestResult name=bannerTest status=SUCCESS method=BannerTest.bannerTest(java.lang.String,java.lang.String)[pri:1, instance:tests.BannerTest@38be305c] output={null}]]]>
              </value>
            </param>
          </params>
          <reporter-output>
          </reporter-output>
        </test-method> <!-- tearDown -->
        <test-method is-config="true" signature="tearDown()[pri:0, instance:tests.BannerTest@38be305c]" started-at="2024-06-15T18:33:14 IST" name="tearDown" finished-at="2024-06-15T18:33:17 IST" duration-ms="2985" status="PASS">
          <reporter-output>
          </reporter-output>
        </test-method> <!-- tearDown -->
      </class> <!-- tests.BannerTest -->
      <class name="tests.WishlistTest">
        <test-method is-config="true" signature="setUp()[pri:0, instance:tests.WishlistTest@773f7880]" started-at="2024-06-15T18:36:07 IST" name="setUp" finished-at="2024-06-15T18:36:08 IST" duration-ms="1223" status="PASS">
          <reporter-output>
          </reporter-output>
        </test-method> <!-- setUp -->
        <test-method signature="bannerTest(java.lang.String,java.lang.String)[pri:1, instance:tests.WishlistTest@773f7880]" started-at="2024-06-15T18:36:08 IST" name="bannerTest" data-provider="bannerTestData" finished-at="2024-06-15T18:36:15 IST" duration-ms="6763" status="PASS">
          <params>
            <param index="0">
              <value>
                <![CDATA[https://www.flipkart.com]]>
              </value>
            </param>
            <param index="1">
              <value>
                <![CDATA[Yes]]>
              </value>
            </param>
          </params>
          <reporter-output>
          </reporter-output>
        </test-method> <!-- bannerTest -->
        <test-method is-config="true" signature="afterMethod(org.testng.ITestResult)[pri:0, instance:tests.WishlistTest@773f7880]" started-at="2024-06-15T18:36:15 IST" name="afterMethod" finished-at="2024-06-15T18:36:15 IST" duration-ms="1" status="PASS">
          <params>
            <param index="0">
              <value>
                <![CDATA[[TestResult name=bannerTest status=SUCCESS method=WishlistTest.bannerTest(java.lang.String,java.lang.String)[pri:1, instance:tests.WishlistTest@773f7880] output={null}]]]>
              </value>
            </param>
          </params>
          <reporter-output>
          </reporter-output>
        </test-method> <!-- afterMethod -->
        <test-method is-config="true" signature="tearDown(org.testng.ITestResult)[pri:0, instance:tests.WishlistTest@773f7880]" started-at="2024-06-15T18:36:15 IST" name="tearDown" finished-at="2024-06-15T18:36:15 IST" duration-ms="0" status="PASS">
          <params>
            <param index="0">
              <value>
                <![CDATA[[TestResult name=bannerTest status=SUCCESS method=WishlistTest.bannerTest(java.lang.String,java.lang.String)[pri:1, instance:tests.WishlistTest@773f7880] output={null}]]]>
              </value>
            </param>
          </params>
          <reporter-output>
          </reporter-output>
        </test-method> <!-- tearDown -->
        <test-method signature="wishlistTest(java.lang.String,java.lang.String)[pri:2, instance:tests.WishlistTest@773f7880]" started-at="2024-06-15T18:36:15 IST" name="wishlistTest" data-provider="wishlistTestData" finished-at="2024-06-15T18:36:18 IST" depends-on-methods="tests.WishlistTest.bannerTest" duration-ms="3594" status="PASS">
          <params>
            <param index="0">
              <value>
                <![CDATA[https://www.flipkart.com/tyy/4io/~cs-6ky41lperx/pr?sid=tyy%2C4io&collection-tab-name=POCO+M6+Pro+5G&param=3243&ctx=eyJjYXJkQ29udGV4dCI6eyJhdHRyaWJ1dGVzIjp7InZhbHVlQ2FsbG91dCI6eyJtdWx0aVZhbHVlZEF0dHJpYnV0ZSI6eyJrZXkiOiJ2YWx1ZUNhbGxvdXQiLCJpbmZlcmVuY2VUeXBlIjoiVkFMVUVfQ0FMTE9VVCIsInZhbHVlcyI6WyJpbmNsIG9mIG9mZmVycyJdLCJ2YWx1ZVR5cGUiOiJNVUxUSV9WQUxVRUQifX0sInRpdGxlIjp7Im11bHRpVmFsdWVkQXR0cmlidXRlIjp7ImtleSI6InRpdGxlIiwiaW5mZXJlbmNlVHlwZSI6IlRJVExFIiwidmFsdWVzIjpbInBvY28gbTYgcHJvIl0sInZhbHVlVHlwZSI6Ik1VTFRJX1ZBTFVFRCJ9fSwiaGVyb1BpZCI6eyJzaW5nbGVWYWx1ZUF0dHJpYnV0ZSI6eyJrZXkiOiJoZXJvUGlkIiwiaW5mZXJlbmNlVHlwZSI6IlBJRCIsInZhbHVlIjoiTU9CR1JOWjNGWkJWUllIUSIsInZhbHVlVHlwZSI6IlNJTkdMRV9WQUxVRUQifX19fX0%3D]]>
              </value>
            </param>
            <param index="1">
              <value>
                <![CDATA[Yes]]>
              </value>
            </param>
          </params>
          <reporter-output>
          </reporter-output>
        </test-method> <!-- wishlistTest -->
        <test-method is-config="true" signature="afterMethod(org.testng.ITestResult)[pri:0, instance:tests.WishlistTest@773f7880]" started-at="2024-06-15T18:36:18 IST" name="afterMethod" finished-at="2024-06-15T18:36:18 IST" duration-ms="0" status="PASS">
          <params>
            <param index="0">
              <value>
                <![CDATA[[TestResult name=wishlistTest status=SUCCESS method=WishlistTest.wishlistTest(java.lang.String,java.lang.String)[pri:2, instance:tests.WishlistTest@773f7880] output={null}]]]>
              </value>
            </param>
          </params>
          <reporter-output>
          </reporter-output>
        </test-method> <!-- afterMethod -->
        <test-method is-config="true" signature="tearDown(org.testng.ITestResult)[pri:0, instance:tests.WishlistTest@773f7880]" started-at="2024-06-15T18:36:18 IST" name="tearDown" finished-at="2024-06-15T18:36:18 IST" duration-ms="1" status="PASS">
          <params>
            <param index="0">
              <value>
                <![CDATA[[TestResult name=wishlistTest status=SUCCESS method=WishlistTest.wishlistTest(java.lang.String,java.lang.String)[pri:2, instance:tests.WishlistTest@773f7880] output={null}]]]>
              </value>
            </param>
          </params>
          <reporter-output>
          </reporter-output>
        </test-method> <!-- tearDown -->
        <test-method is-config="true" signature="tearDown()[pri:0, instance:tests.WishlistTest@773f7880]" started-at="2024-06-15T18:36:18 IST" name="tearDown" finished-at="2024-06-15T18:36:19 IST" duration-ms="242" status="PASS">
          <reporter-output>
          </reporter-output>
        </test-method> <!-- tearDown -->
      </class> <!-- tests.WishlistTest -->
      <class name="tests.SearchTest">
        <test-method is-config="true" signature="setUp()[pri:0, instance:tests.SearchTest@55e8ec2f]" started-at="2024-06-15T18:35:38 IST" name="setUp" finished-at="2024-06-15T18:35:39 IST" duration-ms="1183" status="PASS">
          <reporter-output>
          </reporter-output>
        </test-method> <!-- setUp -->
        <test-method signature="searchTest(java.lang.String,java.lang.String,java.lang.String)[pri:1, instance:tests.SearchTest@55e8ec2f]" started-at="2024-06-15T18:35:39 IST" name="searchTest" data-provider="searchTestData" finished-at="2024-06-15T18:35:44 IST" duration-ms="5551" status="PASS">
          <params>
            <param index="0">
              <value>
                <![CDATA[https://www.flipkart.com/]]>
              </value>
            </param>
            <param index="1">
              <value>
                <![CDATA[Yes]]>
              </value>
            </param>
            <param index="2">
              <value>
                <![CDATA[Women Jeans]]>
              </value>
            </param>
          </params>
          <reporter-output>
          </reporter-output>
        </test-method> <!-- searchTest -->
        <test-method is-config="true" signature="afterMethod(org.testng.ITestResult)[pri:0, instance:tests.SearchTest@55e8ec2f]" started-at="2024-06-15T18:35:44 IST" name="afterMethod" finished-at="2024-06-15T18:35:44 IST" duration-ms="1" status="PASS">
          <params>
            <param index="0">
              <value>
                <![CDATA[[TestResult name=searchTest status=SUCCESS method=SearchTest.searchTest(java.lang.String,java.lang.String,java.lang.String)[pri:1, instance:tests.SearchTest@55e8ec2f] output={null}]]]>
              </value>
            </param>
          </params>
          <reporter-output>
          </reporter-output>
        </test-method> <!-- afterMethod -->
        <test-method is-config="true" signature="tearDown(org.testng.ITestResult)[pri:0, instance:tests.SearchTest@55e8ec2f]" started-at="2024-06-15T18:35:44 IST" name="tearDown" finished-at="2024-06-15T18:35:44 IST" duration-ms="0" status="PASS">
          <params>
            <param index="0">
              <value>
                <![CDATA[[TestResult name=searchTest status=SUCCESS method=SearchTest.searchTest(java.lang.String,java.lang.String,java.lang.String)[pri:1, instance:tests.SearchTest@55e8ec2f] output={null}]]]>
              </value>
            </param>
          </params>
          <reporter-output>
          </reporter-output>
        </test-method> <!-- tearDown -->
        <test-method is-config="true" signature="tearDown()[pri:0, instance:tests.SearchTest@55e8ec2f]" started-at="2024-06-15T18:35:44 IST" name="tearDown" finished-at="2024-06-15T18:35:45 IST" duration-ms="272" status="PASS">
          <reporter-output>
          </reporter-output>
        </test-method> <!-- tearDown -->
      </class> <!-- tests.SearchTest -->
      <class name="tests.NavigationTest">
        <test-method is-config="true" signature="setUp()[pri:0, instance:tests.NavigationTest@7b64240d]" started-at="2024-06-15T18:35:13 IST" name="setUp" finished-at="2024-06-15T18:35:15 IST" duration-ms="1256" status="PASS">
          <reporter-output>
          </reporter-output>
        </test-method> <!-- setUp -->
        <test-method signature="navigationTest(java.lang.String,java.lang.String)[pri:1, instance:tests.NavigationTest@7b64240d]" started-at="2024-06-15T18:35:15 IST" name="navigationTest" data-provider="navigationTestData" finished-at="2024-06-15T18:35:22 IST" duration-ms="7371" status="PASS">
          <params>
            <param index="0">
              <value>
                <![CDATA[https://www.flipkart.com]]>
              </value>
            </param>
            <param index="1">
              <value>
                <![CDATA[Yes]]>
              </value>
            </param>
          </params>
          <reporter-output>
          </reporter-output>
        </test-method> <!-- navigationTest -->
        <test-method is-config="true" signature="afterMethod(org.testng.ITestResult)[pri:0, instance:tests.NavigationTest@7b64240d]" started-at="2024-06-15T18:35:22 IST" name="afterMethod" finished-at="2024-06-15T18:35:22 IST" duration-ms="0" status="PASS">
          <params>
            <param index="0">
              <value>
                <![CDATA[[TestResult name=navigationTest status=SUCCESS method=NavigationTest.navigationTest(java.lang.String,java.lang.String)[pri:1, instance:tests.NavigationTest@7b64240d] output={null}]]]>
              </value>
            </param>
          </params>
          <reporter-output>
          </reporter-output>
        </test-method> <!-- afterMethod -->
        <test-method is-config="true" signature="tearDown(org.testng.ITestResult)[pri:0, instance:tests.NavigationTest@7b64240d]" started-at="2024-06-15T18:35:22 IST" name="tearDown" finished-at="2024-06-15T18:35:22 IST" duration-ms="0" status="PASS">
          <params>
            <param index="0">
              <value>
                <![CDATA[[TestResult name=navigationTest status=SUCCESS method=NavigationTest.navigationTest(java.lang.String,java.lang.String)[pri:1, instance:tests.NavigationTest@7b64240d] output={null}]]]>
              </value>
            </param>
          </params>
          <reporter-output>
          </reporter-output>
        </test-method> <!-- tearDown -->
        <test-method is-config="true" signature="tearDown()[pri:0, instance:tests.NavigationTest@7b64240d]" started-at="2024-06-15T18:35:22 IST" name="tearDown" finished-at="2024-06-15T18:35:22 IST" duration-ms="235" status="PASS">
          <reporter-output>
          </reporter-output>
        </test-method> <!-- tearDown -->
      </class> <!-- tests.NavigationTest -->
      <class name="tests.GroupCompanyTest">
        <test-method is-config="true" signature="setUp()[pri:0, instance:tests.GroupCompanyTest@7e3060d8]" started-at="2024-06-15T18:34:59 IST" name="setUp" finished-at="2024-06-15T18:35:01 IST" duration-ms="1173" status="PASS">
          <reporter-output>
          </reporter-output>
        </test-method> <!-- setUp -->
        <test-method signature="groupCompanyTest(java.lang.String,java.lang.String)[pri:1, instance:tests.GroupCompanyTest@7e3060d8]" started-at="2024-06-15T18:35:01 IST" name="groupCompanyTest" data-provider="groupCompanyTestData" finished-at="2024-06-15T18:35:07 IST" duration-ms="6534" status="PASS">
          <params>
            <param index="0">
              <value>
                <![CDATA[https://www.flipkart.com/]]>
              </value>
            </param>
            <param index="1">
              <value>
                <![CDATA[Yes]]>
              </value>
            </param>
          </params>
          <reporter-output>
          </reporter-output>
        </test-method> <!-- groupCompanyTest -->
        <test-method is-config="true" signature="tearDown(org.testng.ITestResult)[pri:0, instance:tests.GroupCompanyTest@7e3060d8]" started-at="2024-06-15T18:35:07 IST" name="tearDown" finished-at="2024-06-15T18:35:07 IST" duration-ms="1" status="PASS">
          <params>
            <param index="0">
              <value>
                <![CDATA[[TestResult name=groupCompanyTest status=SUCCESS method=GroupCompanyTest.groupCompanyTest(java.lang.String,java.lang.String)[pri:1, instance:tests.GroupCompanyTest@7e3060d8] output={null}]]]>
              </value>
            </param>
          </params>
          <reporter-output>
          </reporter-output>
        </test-method> <!-- tearDown -->
        <test-method is-config="true" signature="afterMethod(org.testng.ITestResult)[pri:0, instance:tests.GroupCompanyTest@7e3060d8]" started-at="2024-06-15T18:35:07 IST" name="afterMethod" finished-at="2024-06-15T18:35:07 IST" duration-ms="0" status="PASS">
          <params>
            <param index="0">
              <value>
                <![CDATA[[TestResult name=groupCompanyTest status=SUCCESS method=GroupCompanyTest.groupCompanyTest(java.lang.String,java.lang.String)[pri:1, instance:tests.GroupCompanyTest@7e3060d8] output={null}]]]>
              </value>
            </param>
          </params>
          <reporter-output>
          </reporter-output>
        </test-method> <!-- afterMethod -->
        <test-method is-config="true" signature="tearDown()[pri:0, instance:tests.GroupCompanyTest@7e3060d8]" started-at="2024-06-15T18:35:07 IST" name="tearDown" finished-at="2024-06-15T18:35:08 IST" duration-ms="316" status="PASS">
          <reporter-output>
          </reporter-output>
        </test-method> <!-- tearDown -->
      </class> <!-- tests.GroupCompanyTest -->
      <class name="tests.CustomerCareTest">
        <test-method is-config="true" signature="setUp()[pri:0, instance:tests.CustomerCareTest@9ed238c]" started-at="2024-06-15T18:33:59 IST" name="setUp" finished-at="2024-06-15T18:34:00 IST" duration-ms="974" status="PASS">
          <reporter-output>
          </reporter-output>
        </test-method> <!-- setUp -->
        <test-method signature="customerCareTest(java.lang.String,java.lang.String)[pri:1, instance:tests.CustomerCareTest@9ed238c]" started-at="2024-06-15T18:34:00 IST" name="customerCareTest" data-provider="customerTestData" finished-at="2024-06-15T18:34:06 IST" duration-ms="5879" status="PASS">
          <params>
            <param index="0">
              <value>
                <![CDATA[https://www.flipkart.com]]>
              </value>
            </param>
            <param index="1">
              <value>
                <![CDATA[Yes]]>
              </value>
            </param>
          </params>
          <reporter-output>
          </reporter-output>
        </test-method> <!-- customerCareTest -->
        <test-method is-config="true" signature="afterMethod(org.testng.ITestResult)[pri:0, instance:tests.CustomerCareTest@9ed238c]" started-at="2024-06-15T18:34:06 IST" name="afterMethod" finished-at="2024-06-15T18:34:06 IST" duration-ms="2" status="PASS">
          <params>
            <param index="0">
              <value>
                <![CDATA[[TestResult name=customerCareTest status=SUCCESS method=CustomerCareTest.customerCareTest(java.lang.String,java.lang.String)[pri:1, instance:tests.CustomerCareTest@9ed238c] output={null}]]]>
              </value>
            </param>
          </params>
          <reporter-output>
          </reporter-output>
        </test-method> <!-- afterMethod -->
        <test-method is-config="true" signature="tearDown(org.testng.ITestResult)[pri:0, instance:tests.CustomerCareTest@9ed238c]" started-at="2024-06-15T18:34:06 IST" name="tearDown" finished-at="2024-06-15T18:34:06 IST" duration-ms="1" status="PASS">
          <params>
            <param index="0">
              <value>
                <![CDATA[[TestResult name=customerCareTest status=SUCCESS method=CustomerCareTest.customerCareTest(java.lang.String,java.lang.String)[pri:1, instance:tests.CustomerCareTest@9ed238c] output={null}]]]>
              </value>
            </param>
          </params>
          <reporter-output>
          </reporter-output>
        </test-method> <!-- tearDown -->
        <test-method is-config="true" signature="tearDown()[pri:0, instance:tests.CustomerCareTest@9ed238c]" started-at="2024-06-15T18:34:06 IST" name="tearDown" finished-at="2024-06-15T18:34:06 IST" duration-ms="354" status="PASS">
          <reporter-output>
          </reporter-output>
        </test-method> <!-- tearDown -->
      </class> <!-- tests.CustomerCareTest -->
      <class name="tests.ShareTest">
        <test-method is-config="true" signature="setUp()[pri:0, instance:tests.ShareTest@6d24ffa1]" started-at="2024-06-15T18:35:54 IST" name="setUp" finished-at="2024-06-15T18:35:55 IST" duration-ms="1214" status="PASS">
          <reporter-output>
          </reporter-output>
        </test-method> <!-- setUp -->
        <test-method signature="shareTest(java.lang.String,java.lang.String)[pri:1, instance:tests.ShareTest@6d24ffa1]" started-at="2024-06-15T18:35:55 IST" name="shareTest" data-provider="shareTestData" finished-at="2024-06-15T18:35:59 IST" duration-ms="3705" status="PASS">
          <params>
            <param index="0">
              <value>
                <![CDATA[https://www.flipkart.com/apple-iphone-15-pro-max-black-titanium-256-gb/p/itmd170cfc1dec9e?pid=MOBGTAGQGJWQFEFX&lid=LSTMOBGTAGQGJWQFEFXBVNGR1&marketplace=FLIPKART&q=iphone+15+pro+max&store=tyy%2F4io&srno=s_1_1&otracker=AS_QueryStore_OrganicAutoSuggest_2_7_na_na_na&otracker1=AS_QueryStore_OrganicAutoSuggest_2_7_na_na_na&fm=Search&iid=31845d65-bfa6-4f1d-a2f4-d981236eaa5b.MOBGTAGQGJWQFEFX.SEARCH&ppt=sp&ppn=sp&ssid=g9c4bn4tww0000001717872638708&qH=4bc0516d32b4b645]]>
              </value>
            </param>
            <param index="1">
              <value>
                <![CDATA[Yes]]>
              </value>
            </param>
          </params>
          <reporter-output>
          </reporter-output>
        </test-method> <!-- shareTest -->
        <test-method is-config="true" signature="afterMethod(org.testng.ITestResult)[pri:0, instance:tests.ShareTest@6d24ffa1]" started-at="2024-06-15T18:35:59 IST" name="afterMethod" finished-at="2024-06-15T18:35:59 IST" duration-ms="1" status="PASS">
          <params>
            <param index="0">
              <value>
                <![CDATA[[TestResult name=shareTest status=SUCCESS method=ShareTest.shareTest(java.lang.String,java.lang.String)[pri:1, instance:tests.ShareTest@6d24ffa1] output={null}]]]>
              </value>
            </param>
          </params>
          <reporter-output>
          </reporter-output>
        </test-method> <!-- afterMethod -->
        <test-method is-config="true" signature="tearDown(org.testng.ITestResult)[pri:0, instance:tests.ShareTest@6d24ffa1]" started-at="2024-06-15T18:35:59 IST" name="tearDown" finished-at="2024-06-15T18:35:59 IST" duration-ms="1" status="PASS">
          <params>
            <param index="0">
              <value>
                <![CDATA[[TestResult name=shareTest status=SUCCESS method=ShareTest.shareTest(java.lang.String,java.lang.String)[pri:1, instance:tests.ShareTest@6d24ffa1] output={null}]]]>
              </value>
            </param>
          </params>
          <reporter-output>
          </reporter-output>
        </test-method> <!-- tearDown -->
        <test-method is-config="true" signature="tearDown()[pri:0, instance:tests.ShareTest@6d24ffa1]" started-at="2024-06-15T18:35:59 IST" name="tearDown" finished-at="2024-06-15T18:35:59 IST" duration-ms="265" status="PASS">
          <reporter-output>
          </reporter-output>
        </test-method> <!-- tearDown -->
      </class> <!-- tests.ShareTest -->
      <class name="tests.SellerTest">
        <test-method is-config="true" signature="setUp()[pri:0, instance:tests.SellerTest@4f2613d1]" started-at="2024-06-15T18:35:45 IST" name="setUp" finished-at="2024-06-15T18:35:46 IST" duration-ms="1187" status="PASS">
          <reporter-output>
          </reporter-output>
        </test-method> <!-- setUp -->
        <test-method signature="sellerTest(java.lang.String,java.lang.String)[pri:1, instance:tests.SellerTest@4f2613d1]" started-at="2024-06-15T18:35:46 IST" name="sellerTest" data-provider="sellerTestData" finished-at="2024-06-15T18:35:54 IST" duration-ms="7619" status="PASS">
          <params>
            <param index="0">
              <value>
                <![CDATA[https://www.flipkart.com]]>
              </value>
            </param>
            <param index="1">
              <value>
                <![CDATA[Yes]]>
              </value>
            </param>
          </params>
          <reporter-output>
          </reporter-output>
        </test-method> <!-- sellerTest -->
        <test-method is-config="true" signature="afterMethod(org.testng.ITestResult)[pri:0, instance:tests.SellerTest@4f2613d1]" started-at="2024-06-15T18:35:54 IST" name="afterMethod" finished-at="2024-06-15T18:35:54 IST" duration-ms="4" status="PASS">
          <params>
            <param index="0">
              <value>
                <![CDATA[[TestResult name=sellerTest status=SUCCESS method=SellerTest.sellerTest(java.lang.String,java.lang.String)[pri:1, instance:tests.SellerTest@4f2613d1] output={null}]]]>
              </value>
            </param>
          </params>
          <reporter-output>
          </reporter-output>
        </test-method> <!-- afterMethod -->
        <test-method is-config="true" signature="tearDown(org.testng.ITestResult)[pri:0, instance:tests.SellerTest@4f2613d1]" started-at="2024-06-15T18:35:54 IST" name="tearDown" finished-at="2024-06-15T18:35:54 IST" duration-ms="0" status="PASS">
          <params>
            <param index="0">
              <value>
                <![CDATA[[TestResult name=sellerTest status=SUCCESS method=SellerTest.sellerTest(java.lang.String,java.lang.String)[pri:1, instance:tests.SellerTest@4f2613d1] output={null}]]]>
              </value>
            </param>
          </params>
          <reporter-output>
          </reporter-output>
        </test-method> <!-- tearDown -->
        <test-method is-config="true" signature="tearDown()[pri:0, instance:tests.SellerTest@4f2613d1]" started-at="2024-06-15T18:35:54 IST" name="tearDown" finished-at="2024-06-15T18:35:54 IST" duration-ms="336" status="PASS">
          <reporter-output>
          </reporter-output>
        </test-method> <!-- tearDown -->
      </class> <!-- tests.SellerTest -->
      <class name="tests.PincodeTest">
        <test-method is-config="true" signature="setUp()[pri:0, instance:tests.PincodeTest@62fad19]" started-at="2024-06-15T18:35:22 IST" name="setUp" finished-at="2024-06-15T18:35:24 IST" duration-ms="1151" status="PASS">
          <reporter-output>
          </reporter-output>
        </test-method> <!-- setUp -->
        <test-method signature="pincodeTest(java.lang.String,java.lang.String,java.lang.String)[pri:1, instance:tests.PincodeTest@62fad19]" started-at="2024-06-15T18:35:24 IST" name="pincodeTest" data-provider="pincodeTestData" finished-at="2024-06-15T18:35:27 IST" duration-ms="3694" status="PASS">
          <params>
            <param index="0">
              <value>
                <![CDATA[https://www.flipkart.com/poco-m6-pro-5g-forest-green-128-gb/p/itm151f47ed48eee?pid=MOBGRNZ3FZBVRYHQ&lid=LSTMOBGRNZ3FZBVRYHQLWWUJH&marketplace=FLIPKART&store=tyy%2F4io&spotlightTagId=BestsellerId_tyy%2F4io&srno=b_1_1&otracker=browse&fm=organic&iid=cc972770-991c-415d-841e-231c0f770900.MOBGRNZ3FZBVRYHQ.SEARCH&ppt=browse&ppn=browse&ssid=tl5e3ijzbk0000001715680469385]]>
              </value>
            </param>
            <param index="1">
              <value>
                <![CDATA[Yes]]>
              </value>
            </param>
            <param index="2">
              <value>
                <![CDATA[110001]]>
              </value>
            </param>
          </params>
          <reporter-output>
          </reporter-output>
        </test-method> <!-- pincodeTest -->
        <test-method is-config="true" signature="afterMethod(org.testng.ITestResult)[pri:0, instance:tests.PincodeTest@62fad19]" started-at="2024-06-15T18:35:27 IST" name="afterMethod" finished-at="2024-06-15T18:35:27 IST" duration-ms="0" status="PASS">
          <params>
            <param index="0">
              <value>
                <![CDATA[[TestResult name=pincodeTest status=SUCCESS method=PincodeTest.pincodeTest(java.lang.String,java.lang.String,java.lang.String)[pri:1, instance:tests.PincodeTest@62fad19] output={null}]]]>
              </value>
            </param>
          </params>
          <reporter-output>
          </reporter-output>
        </test-method> <!-- afterMethod -->
        <test-method is-config="true" signature="tearDown()[pri:0, instance:tests.PincodeTest@62fad19]" started-at="2024-06-15T18:35:27 IST" name="tearDown" finished-at="2024-06-15T18:35:28 IST" duration-ms="296" status="PASS">
          <reporter-output>
          </reporter-output>
        </test-method> <!-- tearDown -->
        <test-method is-config="true" signature="tearDown(org.testng.ITestResult)[pri:0, instance:tests.PincodeTest@62fad19]" started-at="2024-06-15T18:35:27 IST" name="tearDown" finished-at="2024-06-15T18:35:27 IST" duration-ms="0" status="PASS">
          <params>
            <param index="0">
              <value>
                <![CDATA[[TestResult name=pincodeTest status=SUCCESS method=PincodeTest.pincodeTest(java.lang.String,java.lang.String,java.lang.String)[pri:1, instance:tests.PincodeTest@62fad19] output={null}]]]>
              </value>
            </param>
          </params>
          <reporter-output>
          </reporter-output>
        </test-method> <!-- tearDown -->
      </class> <!-- tests.PincodeTest -->
      <class name="tests.FilterTest">
        <test-method is-config="true" signature="setUp()[pri:0, instance:tests.FilterTest@2dbf4cbd]" started-at="2024-06-15T18:34:33 IST" name="setUp" finished-at="2024-06-15T18:34:34 IST" duration-ms="935" status="PASS">
          <reporter-output>
          </reporter-output>
        </test-method> <!-- setUp -->
        <test-method signature="bannerTest(java.lang.String,java.lang.String)[pri:1, instance:tests.FilterTest@2dbf4cbd]" started-at="2024-06-15T18:34:34 IST" name="bannerTest" data-provider="bannerTestData" finished-at="2024-06-15T18:34:41 IST" duration-ms="6878" status="PASS">
          <params>
            <param index="0">
              <value>
                <![CDATA[https://www.flipkart.com]]>
              </value>
            </param>
            <param index="1">
              <value>
                <![CDATA[Yes]]>
              </value>
            </param>
          </params>
          <reporter-output>
          </reporter-output>
        </test-method> <!-- bannerTest -->
        <test-method is-config="true" signature="tearDown(org.testng.ITestResult)[pri:0, instance:tests.FilterTest@2dbf4cbd]" started-at="2024-06-15T18:34:41 IST" name="tearDown" finished-at="2024-06-15T18:34:41 IST" duration-ms="1" status="PASS">
          <params>
            <param index="0">
              <value>
                <![CDATA[[TestResult name=bannerTest status=SUCCESS method=FilterTest.bannerTest(java.lang.String,java.lang.String)[pri:1, instance:tests.FilterTest@2dbf4cbd] output={null}]]]>
              </value>
            </param>
          </params>
          <reporter-output>
          </reporter-output>
        </test-method> <!-- tearDown -->
        <test-method is-config="true" signature="afterMethod(org.testng.ITestResult)[pri:0, instance:tests.FilterTest@2dbf4cbd]" started-at="2024-06-15T18:34:41 IST" name="afterMethod" finished-at="2024-06-15T18:34:41 IST" duration-ms="0" status="PASS">
          <params>
            <param index="0">
              <value>
                <![CDATA[[TestResult name=bannerTest status=SUCCESS method=FilterTest.bannerTest(java.lang.String,java.lang.String)[pri:1, instance:tests.FilterTest@2dbf4cbd] output={null}]]]>
              </value>
            </param>
          </params>
          <reporter-output>
          </reporter-output>
        </test-method> <!-- afterMethod -->
        <test-method signature="filterTest(java.lang.String,java.lang.String)[pri:2, instance:tests.FilterTest@2dbf4cbd]" started-at="2024-06-15T18:34:41 IST" name="filterTest" data-provider="filterTestData" finished-at="2024-06-15T18:34:46 IST" depends-on-methods="tests.FilterTest.bannerTest" duration-ms="4796" status="PASS">
          <params>
            <param index="0">
              <value>
                <![CDATA[https://www.flipkart.com]]>
              </value>
            </param>
            <param index="1">
              <value>
                <![CDATA[Yes]]>
              </value>
            </param>
          </params>
          <reporter-output>
          </reporter-output>
        </test-method> <!-- filterTest -->
        <test-method is-config="true" signature="tearDown(org.testng.ITestResult)[pri:0, instance:tests.FilterTest@2dbf4cbd]" started-at="2024-06-15T18:34:46 IST" name="tearDown" finished-at="2024-06-15T18:34:46 IST" duration-ms="0" status="PASS">
          <params>
            <param index="0">
              <value>
                <![CDATA[[TestResult name=filterTest status=SUCCESS method=FilterTest.filterTest(java.lang.String,java.lang.String)[pri:2, instance:tests.FilterTest@2dbf4cbd] output={null}]]]>
              </value>
            </param>
          </params>
          <reporter-output>
          </reporter-output>
        </test-method> <!-- tearDown -->
        <test-method is-config="true" signature="tearDown()[pri:0, instance:tests.FilterTest@2dbf4cbd]" started-at="2024-06-15T18:34:46 IST" name="tearDown" finished-at="2024-06-15T18:34:46 IST" duration-ms="284" status="PASS">
          <reporter-output>
          </reporter-output>
        </test-method> <!-- tearDown -->
        <test-method is-config="true" signature="afterMethod(org.testng.ITestResult)[pri:0, instance:tests.FilterTest@2dbf4cbd]" started-at="2024-06-15T18:34:46 IST" name="afterMethod" finished-at="2024-06-15T18:34:46 IST" duration-ms="0" status="PASS">
          <params>
            <param index="0">
              <value>
                <![CDATA[[TestResult name=filterTest status=SUCCESS method=FilterTest.filterTest(java.lang.String,java.lang.String)[pri:2, instance:tests.FilterTest@2dbf4cbd] output={null}]]]>
              </value>
            </param>
          </params>
          <reporter-output>
          </reporter-output>
        </test-method> <!-- afterMethod -->
      </class> <!-- tests.FilterTest -->
      <class name="tests.CompareTest">
        <test-method is-config="true" signature="setUp()[pri:0, instance:tests.CompareTest@1252b961]" started-at="2024-06-15T18:33:47 IST" name="setUp" finished-at="2024-06-15T18:33:49 IST" duration-ms="1389" status="PASS">
          <reporter-output>
          </reporter-output>
        </test-method> <!-- setUp -->
        <test-method signature="compareTest(java.lang.String,java.lang.String,java.lang.String)[pri:1, instance:tests.CompareTest@1252b961]" started-at="2024-06-15T18:33:49 IST" name="compareTest" data-provider="compareTestData" finished-at="2024-06-15T18:33:58 IST" duration-ms="9727" status="PASS">
          <params>
            <param index="0">
              <value>
                <![CDATA[https://www.flipkart.com/poco-m6-pro-5g-forest-green-128-gb/p/itm151f47ed48eee?pid=MOBGRNZ3FZBVRYHQ&lid=LSTMOBGRNZ3FZBVRYHQLWWUJH&marketplace=FLIPKART&store=tyy%2F4io&spotlightTagId=BestsellerId_tyy%2F4io&srno=b_1_1&otracker=browse&fm=organic&iid=93d2403b-5c0b-48c2-912a-ab78f1ffc658.MOBGRNZ3FZBVRYHQ.SEARCH&ppt=browse&ppn=browse&ssid=qasi52v2800000001715754782625]]>
              </value>
            </param>
            <param index="1">
              <value>
                <![CDATA[https://www.flipkart.com/redmi-12-pastel-blue-128-gb/p/itm9b1a6640faccd?pid=MOBGRMFKAHNTZPWE&lid=LSTMOBGRMFKAHNTZPWE1H5IWS&marketplace=FLIPKART&fm=productRecommendation%2Fsimilar&iid=R%3As%3Bp%3AMOBGRNZ3FZBVRYHQ%3Bl%3ALSTMOBGRNZ3FZBVRYHQLWWUJH%3Bpt%3App%3Buid%3A413ce5c5-129d-11ef-9805-dfeb5cf62949%3B.MOBGRMFKAHNTZPWE&ppt=pp&ppn=pp&ssid=rpba0o2wls0000001715758110411&otracker=pp_reco_Similar%2BProducts_6_35.productCard.PMU_HORIZONTAL_REDMI%2B12%2B%2528Pastel%2BBlue%252C%2B128%2BGB%2529_MOBGRMFKAHNTZPWE_productRecommendation%2Fsimilar_5&otracker1=pp_reco_PINNED_productRecommendation%2Fsimilar_Similar%2BProducts_GRID_productCard_cc_6_NA_view-all&cid=MOBGRMFKAHNTZPWE]]>
              </value>
            </param>
            <param index="2">
              <value>
                <![CDATA[Yes]]>
              </value>
            </param>
          </params>
          <reporter-output>
          </reporter-output>
        </test-method> <!-- compareTest -->
        <test-method is-config="true" signature="tearDown()[pri:0, instance:tests.CompareTest@1252b961]" started-at="2024-06-15T18:33:58 IST" name="tearDown" finished-at="2024-06-15T18:33:59 IST" duration-ms="231" status="PASS">
          <reporter-output>
          </reporter-output>
        </test-method> <!-- tearDown -->
        <test-method is-config="true" signature="afterMethod(org.testng.ITestResult)[pri:0, instance:tests.CompareTest@1252b961]" started-at="2024-06-15T18:33:58 IST" name="afterMethod" finished-at="2024-06-15T18:33:58 IST" duration-ms="0" status="PASS">
          <params>
            <param index="0">
              <value>
                <![CDATA[[TestResult name=compareTest status=SUCCESS method=CompareTest.compareTest(java.lang.String,java.lang.String,java.lang.String)[pri:1, instance:tests.CompareTest@1252b961] output={null}]]]>
              </value>
            </param>
          </params>
          <reporter-output>
          </reporter-output>
        </test-method> <!-- afterMethod -->
        <test-method is-config="true" signature="tearDown(org.testng.ITestResult)[pri:0, instance:tests.CompareTest@1252b961]" started-at="2024-06-15T18:33:58 IST" name="tearDown" finished-at="2024-06-15T18:33:58 IST" duration-ms="0" status="PASS">
          <params>
            <param index="0">
              <value>
                <![CDATA[[TestResult name=compareTest status=SUCCESS method=CompareTest.compareTest(java.lang.String,java.lang.String,java.lang.String)[pri:1, instance:tests.CompareTest@1252b961] output={null}]]]>
              </value>
            </param>
          </params>
          <reporter-output>
          </reporter-output>
        </test-method> <!-- tearDown -->
      </class> <!-- tests.CompareTest -->
      <class name="tests.CartTest">
        <test-method is-config="true" signature="setUp()[pri:0, instance:tests.CartTest@15c25153]" started-at="2024-06-15T18:33:38 IST" name="setUp" finished-at="2024-06-15T18:33:39 IST" duration-ms="1333" status="PASS">
          <reporter-output>
          </reporter-output>
        </test-method> <!-- setUp -->
        <test-method signature="cartTest(java.lang.String,java.lang.String,java.lang.String)[pri:1, instance:tests.CartTest@15c25153]" started-at="2024-06-15T18:33:40 IST" name="cartTest" data-provider="cartTestData" finished-at="2024-06-15T18:33:47 IST" duration-ms="7119" status="PASS">
          <params>
            <param index="0">
              <value>
                <![CDATA[https://www.flipkart.com/apple-iphone-15-blue-128-gb/p/itmbf14ef54f645d?pid=MOBGTAGPAQNVFZZY&lid=LSTMOBGTAGPAQNVFZZY7RHDU7&marketplace=FLIPKART&q=iphone+15&store=tyy%2F4io&spotlightTagId=BestsellerId_tyy%2F4io&srno=s_1_1&otracker=AS_QueryStore_OrganicAutoSuggest_1_3_na_na_ps&otracker1=AS_QueryStore_OrganicAutoSuggest_1_3_na_na_ps&fm=search-autosuggest&iid=9c9c407f-2fee-4625-9632-b148f2aad91d.MOBGTAGPAQNVFZZY.SEARCH&ppt=sp&ppn=sp&ssid=0o71vlv6cw0000001717782144993&qH=2f54b45b321e3ae5]]>
              </value>
            </param>
            <param index="1">
              <value>
                <![CDATA[Yes]]>
              </value>
            </param>
            <param index="2">
              <value>
                <![CDATA[mansigupta9876@gmail.com]]>
              </value>
            </param>
          </params>
          <reporter-output>
          </reporter-output>
        </test-method> <!-- cartTest -->
        <test-method is-config="true" signature="afterMethod(org.testng.ITestResult)[pri:0, instance:tests.CartTest@15c25153]" started-at="2024-06-15T18:33:47 IST" name="afterMethod" finished-at="2024-06-15T18:33:47 IST" duration-ms="1" status="PASS">
          <params>
            <param index="0">
              <value>
                <![CDATA[[TestResult name=cartTest status=SUCCESS method=CartTest.cartTest(java.lang.String,java.lang.String,java.lang.String)[pri:1, instance:tests.CartTest@15c25153] output={null}]]]>
              </value>
            </param>
          </params>
          <reporter-output>
          </reporter-output>
        </test-method> <!-- afterMethod -->
        <test-method is-config="true" signature="tearDown(org.testng.ITestResult)[pri:0, instance:tests.CartTest@15c25153]" started-at="2024-06-15T18:33:47 IST" name="tearDown" finished-at="2024-06-15T18:33:47 IST" duration-ms="1" status="PASS">
          <params>
            <param index="0">
              <value>
                <![CDATA[[TestResult name=cartTest status=SUCCESS method=CartTest.cartTest(java.lang.String,java.lang.String,java.lang.String)[pri:1, instance:tests.CartTest@15c25153] output={null}]]]>
              </value>
            </param>
          </params>
          <reporter-output>
          </reporter-output>
        </test-method> <!-- tearDown -->
        <test-method is-config="true" signature="tearDown()[pri:0, instance:tests.CartTest@15c25153]" started-at="2024-06-15T18:33:47 IST" name="tearDown" finished-at="2024-06-15T18:33:47 IST" duration-ms="321" status="PASS">
          <reporter-output>
          </reporter-output>
        </test-method> <!-- tearDown -->
      </class> <!-- tests.CartTest -->
      <class name="tests.RatingTest">
        <test-method is-config="true" signature="setUp()[pri:0, instance:tests.RatingTest@2e54db99]" started-at="2024-06-15T18:35:28 IST" name="setUp" finished-at="2024-06-15T18:35:29 IST" duration-ms="1281" status="PASS">
          <reporter-output>
          </reporter-output>
        </test-method> <!-- setUp -->
        <test-method signature="ratingTest(java.lang.String,java.lang.String)[pri:1, instance:tests.RatingTest@2e54db99]" started-at="2024-06-15T18:35:29 IST" name="ratingTest" data-provider="ratingTestData" finished-at="2024-06-15T18:35:37 IST" duration-ms="8464" status="PASS">
          <params>
            <param index="0">
              <value>
                <![CDATA[https://www.flipkart.com/poco-m6-pro-5g-power-black-128-gb/p/itmef8fa46f89738?pid=MOBGRNZ3ER4N3K4F&lid=LSTMOBGRNZ3ER4N3K4FIYYGCU&marketplace=FLIPKART&store=tyy%2F4io&spotlightTagId=BestsellerId_tyy%2F4io&srno=b_1_1&otracker=browse&fm=organic&iid=e4251021-69ce-4af4-8e14-c0d82321e3d8.MOBGRNZ3ER4N3K4F.SEARCH&ppt=browse&ppn=browse&ssid=tsnuolqqkg0000001715851610427]]>
              </value>
            </param>
            <param index="1">
              <value>
                <![CDATA[Yes]]>
              </value>
            </param>
          </params>
          <reporter-output>
          </reporter-output>
        </test-method> <!-- ratingTest -->
        <test-method is-config="true" signature="afterMethod(org.testng.ITestResult)[pri:0, instance:tests.RatingTest@2e54db99]" started-at="2024-06-15T18:35:37 IST" name="afterMethod" finished-at="2024-06-15T18:35:37 IST" duration-ms="1" status="PASS">
          <params>
            <param index="0">
              <value>
                <![CDATA[[TestResult name=ratingTest status=SUCCESS method=RatingTest.ratingTest(java.lang.String,java.lang.String)[pri:1, instance:tests.RatingTest@2e54db99] output={null}]]]>
              </value>
            </param>
          </params>
          <reporter-output>
          </reporter-output>
        </test-method> <!-- afterMethod -->
        <test-method is-config="true" signature="tearDown()[pri:0, instance:tests.RatingTest@2e54db99]" started-at="2024-06-15T18:35:37 IST" name="tearDown" finished-at="2024-06-15T18:35:38 IST" duration-ms="240" status="PASS">
          <reporter-output>
          </reporter-output>
        </test-method> <!-- tearDown -->
        <test-method is-config="true" signature="tearDown(org.testng.ITestResult)[pri:0, instance:tests.RatingTest@2e54db99]" started-at="2024-06-15T18:35:37 IST" name="tearDown" finished-at="2024-06-15T18:35:37 IST" duration-ms="0" status="PASS">
          <params>
            <param index="0">
              <value>
                <![CDATA[[TestResult name=ratingTest status=SUCCESS method=RatingTest.ratingTest(java.lang.String,java.lang.String)[pri:1, instance:tests.RatingTest@2e54db99] output={null}]]]>
              </value>
            </param>
          </params>
          <reporter-output>
          </reporter-output>
        </test-method> <!-- tearDown -->
      </class> <!-- tests.RatingTest -->
      <class name="tests.GroceryTest">
        <test-method is-config="true" signature="setUp()[pri:0, instance:tests.GroceryTest@7fc44dec]" started-at="2024-06-15T18:34:54 IST" name="setUp" finished-at="2024-06-15T18:34:55 IST" duration-ms="1158" status="PASS">
          <reporter-output>
          </reporter-output>
        </test-method> <!-- setUp -->
        <test-method signature="groceryTest(java.lang.String,java.lang.String,java.lang.String)[pri:1, instance:tests.GroceryTest@7fc44dec]" started-at="2024-06-15T18:34:55 IST" name="groceryTest" data-provider="groceryTestData" finished-at="2024-06-15T18:34:59 IST" duration-ms="4265" status="PASS">
          <params>
            <param index="0">
              <value>
                <![CDATA[https://www.flipkart.com]]>
              </value>
            </param>
            <param index="1">
              <value>
                <![CDATA[Yes]]>
              </value>
            </param>
            <param index="2">
              <value>
                <![CDATA[110001]]>
              </value>
            </param>
          </params>
          <reporter-output>
          </reporter-output>
        </test-method> <!-- groceryTest -->
        <test-method is-config="true" signature="afterMethod(org.testng.ITestResult)[pri:0, instance:tests.GroceryTest@7fc44dec]" started-at="2024-06-15T18:34:59 IST" name="afterMethod" finished-at="2024-06-15T18:34:59 IST" duration-ms="0" status="PASS">
          <params>
            <param index="0">
              <value>
                <![CDATA[[TestResult name=groceryTest status=SUCCESS method=GroceryTest.groceryTest(java.lang.String,java.lang.String,java.lang.String)[pri:1, instance:tests.GroceryTest@7fc44dec] output={null}]]]>
              </value>
            </param>
          </params>
          <reporter-output>
          </reporter-output>
        </test-method> <!-- afterMethod -->
        <test-method is-config="true" signature="tearDown(org.testng.ITestResult)[pri:0, instance:tests.GroceryTest@7fc44dec]" started-at="2024-06-15T18:34:59 IST" name="tearDown" finished-at="2024-06-15T18:34:59 IST" duration-ms="3" status="PASS">
          <params>
            <param index="0">
              <value>
                <![CDATA[[TestResult name=groceryTest status=SUCCESS method=GroceryTest.groceryTest(java.lang.String,java.lang.String,java.lang.String)[pri:1, instance:tests.GroceryTest@7fc44dec] output={null}]]]>
              </value>
            </param>
          </params>
          <reporter-output>
          </reporter-output>
        </test-method> <!-- tearDown -->
        <test-method is-config="true" signature="tearDown()[pri:0, instance:tests.GroceryTest@7fc44dec]" started-at="2024-06-15T18:34:59 IST" name="tearDown" finished-at="2024-06-15T18:34:59 IST" duration-ms="303" status="PASS">
          <reporter-output>
          </reporter-output>
        </test-method> <!-- tearDown -->
      </class> <!-- tests.GroceryTest -->
    </test> <!-- Surefire test -->
  </suite> <!-- Surefire suite -->
</testng-results>
